[debug] [2020-03-11T23:01:41.831Z] ----------------------------------------------------------------------
[debug] [2020-03-11T23:01:41.833Z] Command:       C:\Program Files\nodejs\node.exe C:\Users\allan\AppData\Roaming\npm\node_modules\firebase-tools\lib\bin\firebase.js init
[debug] [2020-03-11T23:01:41.833Z] CLI Version:   7.14.0
[debug] [2020-03-11T23:01:41.833Z] Platform:      win32
[debug] [2020-03-11T23:01:41.834Z] Node Version:  v12.16.0
[debug] [2020-03-11T23:01:41.834Z] Time:          Wed Mar 11 2020 23:01:41 GMT+0000 (Greenwich Mean Time)
[debug] [2020-03-11T23:01:41.834Z] ----------------------------------------------------------------------
[debug] [2020-03-11T23:01:41.834Z] 
[debug] [2020-03-11T23:01:41.848Z] > command requires scopes: ["email","openid","https://www.googleapis.com/auth/cloudplatformprojects.readonly","https://www.googleapis.com/auth/firebase","https://www.googleapis.com/auth/cloud-platform"]
[debug] [2020-03-11T23:01:41.849Z] > authorizing via signed-in user
[info] 
     ######## #### ########  ######## ########     ###     ######  ########
     ##        ##  ##     ## ##       ##     ##  ##   ##  ##       ##
     ######    ##  ########  ######   ########  #########  ######  ######
     ##        ##  ##    ##  ##       ##     ## ##     ##       ## ##
     ##       #### ##     ## ######## ########  ##     ##  ######  ########

You're about to initialize a Firebase project in this directory:

  D:\Web Development\fuel-calculator

Before we get started, keep in mind:

  * You are initializing in an existing Firebase project directory

